# JRE version: Java(TM) SE Runtime Environment (24.0.2+12) (build 24.0.2+12-54)
# Java VM: Java HotSpot(TM) 64-Bit Server VM (24.0.2+12-54, mixed mode, emulated-client, sharing, tiered, compressed oops, compressed class ptrs, g1 gc, windows-amd64)
GC Precious Log:
 CardTable entry size: 512
 Card Set container configuration: InlinePtr #cards 4 size 8 Array Of Cards #cards 16 size 48 Howl #buckets 8 coarsen threshold 3686 Howl Bitmap #cards 512 size 80 coarsen threshold 460 Card regions per heap region 1 cards per card region 4096
 CPUs: 16 total, 16 available
 Memory: 16309M
 Large Page Support: Disabled
 NUMA Support: Disabled
 Compressed Oops: Enabled (Zero based)
 Heap Region Size: 2M
 Heap Min Capacity: 8M
 Heap Initial Capacity: 256M
 Heap Max Capacity: 4078M
 Pre-touch: Disabled
 Parallel Workers: 13
 Concurrent Workers: 3
 Concurrent Refinement Workers: 13
 Periodic GC: Disabled
Heap:
 garbage-first heap   total reserved 4175872K, committed 69632K, used 61217K [0x0000000701200000, 0x0000000800000000)
  region size 2048K, 14 young (28672K), 1 survivors (2048K)
 Metaspace       used 75048K, committed 75840K, reserved 1179648K
  class space    used 8569K, committed 8896K, reserved 1048576K
GC Heap History (20 events):
Event: 0.982 GC heap after
{Heap after GC invocations=4 (full 0):
 garbage-first heap   total reserved 4175872K, committed 69632K, used 17837K [0x0000000701200000, 0x0000000800000000)
  region size 2048K, 7 young (14336K), 7 survivors (14336K)
 Metaspace       used 24210K, committed 24512K, reserved 1114112K
  class space    used 2651K, committed 2752K, reserved 1048576K
}
Event: 1.165 GC heap before
{Heap before GC invocations=4 (full 0):
 garbage-first heap   total reserved 4175872K, committed 69632K, used 44461K [0x0000000701200000, 0x0000000800000000)
  region size 2048K, 20 young (40960K), 7 survivors (14336K)
 Metaspace       used 27310K, committed 27648K, reserved 1114112K
  class space    used 3038K, committed 3136K, reserved 1048576K
}
Event: 1.172 GC heap after
{Heap after GC invocations=5 (full 0):
 garbage-first heap   total reserved 4175872K, committed 69632K, used 19952K [0x0000000701200000, 0x0000000800000000)
  region size 2048K, 2 young (4096K), 2 survivors (4096K)
 Metaspace       used 27310K, committed 27648K, reserved 1114112K
  class space    used 3038K, committed 3136K, reserved 1048576K
}
Event: 1.341 GC heap before
{Heap before GC invocations=5 (full 0):
 garbage-first heap   total reserved 4175872K, committed 69632K, used 42480K [0x0000000701200000, 0x0000000800000000)
  region size 2048K, 14 young (28672K), 2 survivors (4096K)
 Metaspace       used 30112K, committed 30528K, reserved 1114112K
  class space    used 3443K, committed 3648K, reserved 1048576K
}
Event: 1.345 GC heap after
{Heap after GC invocations=6 (full 0):
 garbage-first heap   total reserved 4175872K, committed 69632K, used 21193K [0x0000000701200000, 0x0000000800000000)
  region size 2048K, 2 young (4096K), 2 survivors (4096K)
 Metaspace       used 30112K, committed 30528K, reserved 1114112K
  class space    used 3443K, committed 3648K, reserved 1048576K
}
Event: 1.652 GC heap before
{Heap before GC invocations=7 (full 0):
 garbage-first heap   total reserved 4175872K, committed 69632K, used 51913K [0x0000000701200000, 0x0000000800000000)
  region size 2048K, 17 young (34816K), 2 survivors (4096K)
 Metaspace       used 37738K, committed 38208K, reserved 1114112K
  class space    used 4212K, committed 4416K, reserved 1048576K
}
Event: 1.655 GC heap after
{Heap after GC invocations=8 (full 0):
 garbage-first heap   total reserved 4175872K, committed 69632K, used 24045K [0x0000000701200000, 0x0000000800000000)
  region size 2048K, 3 young (6144K), 3 survivors (6144K)
 Metaspace       used 37738K, committed 38208K, reserved 1114112K
  class space    used 4212K, committed 4416K, reserved 1048576K
}
Event: 1.987 GC heap before
{Heap before GC invocations=8 (full 0):
 garbage-first heap   total reserved 4175872K, committed 69632K, used 54765K [0x0000000701200000, 0x0000000800000000)
  region size 2048K, 18 young (36864K), 3 survivors (6144K)
 Metaspace       used 45966K, committed 46400K, reserved 1114112K
  class space    used 5217K, committed 5376K, reserved 1048576K
}
Event: 1.990 GC heap after
{Heap after GC invocations=9 (full 0):
 garbage-first heap   total reserved 4175872K, committed 69632K, used 26669K [0x0000000701200000, 0x0000000800000000)
  region size 2048K, 3 young (6144K), 3 survivors (6144K)
 Metaspace       used 45966K, committed 46400K, reserved 1114112K
  class space    used 5217K, committed 5376K, reserved 1048576K
}
Event: 2.153 GC heap before
{Heap before GC invocations=9 (full 0):
 garbage-first heap   total reserved 4175872K, committed 69632K, used 43053K [0x0000000701200000, 0x0000000800000000)
  region size 2048K, 12 young (24576K), 3 survivors (6144K)
 Metaspace       used 50668K, committed 51136K, reserved 1114112K
  class space    used 5697K, committed 5952K, reserved 1048576K
}
Event: 2.155 GC heap after
{Heap after GC invocations=10 (full 0):
 garbage-first heap   total reserved 4175872K, committed 69632K, used 27771K [0x0000000701200000, 0x0000000800000000)
  region size 2048K, 2 young (4096K), 2 survivors (4096K)
 Metaspace       used 50668K, committed 51136K, reserved 1114112K
  class space    used 5697K, committed 5952K, reserved 1048576K
}
Event: 2.536 GC heap before
{Heap before GC invocations=11 (full 0):
 garbage-first heap   total reserved 4175872K, committed 69632K, used 58491K [0x0000000701200000, 0x0000000800000000)
  region size 2048K, 17 young (34816K), 2 survivors (4096K)
 Metaspace       used 59979K, committed 60480K, reserved 1114112K
  class space    used 6870K, committed 7104K, reserved 1048576K
}
Event: 2.538 GC heap after
{Heap after GC invocations=12 (full 0):
 garbage-first heap   total reserved 4175872K, committed 69632K, used 28921K [0x0000000701200000, 0x0000000800000000)
  region size 2048K, 2 young (4096K), 2 survivors (4096K)
 Metaspace       used 59979K, committed 60480K, reserved 1114112K
  class space    used 6870K, committed 7104K, reserved 1048576K
}
Event: 2.784 GC heap before
{Heap before GC invocations=12 (full 0):
 garbage-first heap   total reserved 4175872K, committed 69632K, used 57593K [0x0000000701200000, 0x0000000800000000)
  region size 2048K, 16 young (32768K), 2 survivors (4096K)
 Metaspace       used 65369K, committed 65856K, reserved 1114112K
  class space    used 7460K, committed 7680K, reserved 1048576K
}
Event: 2.786 GC heap after
{Heap after GC invocations=13 (full 0):
 garbage-first heap   total reserved 4175872K, committed 69632K, used 30337K [0x0000000701200000, 0x0000000800000000)
  region size 2048K, 2 young (4096K), 2 survivors (4096K)
 Metaspace       used 65369K, committed 65856K, reserved 1114112K
  class space    used 7460K, committed 7680K, reserved 1048576K
}
Event: 3.035 GC heap before
{Heap before GC invocations=13 (full 0):
 garbage-first heap   total reserved 4175872K, committed 69632K, used 59009K [0x0000000701200000, 0x0000000800000000)
  region size 2048K, 16 young (32768K), 2 survivors (4096K)
 Metaspace       used 69047K, committed 69632K, reserved 1114112K
  class space    used 7909K, committed 8128K, reserved 1048576K
}
Event: 3.037 GC heap after
{Heap after GC invocations=14 (full 0):
 garbage-first heap   total reserved 4175872K, committed 69632K, used 32444K [0x0000000701200000, 0x0000000800000000)
  region size 2048K, 2 young (4096K), 2 survivors (4096K)
 Metaspace       used 69047K, committed 69632K, reserved 1114112K
  class space    used 7909K, committed 8128K, reserved 1048576K
}
Event: 41522.375 GC heap before
{Heap before GC invocations=14 (full 0):
 garbage-first heap   total reserved 4175872K, committed 69632K, used 57020K [0x0000000701200000, 0x0000000800000000)
  region size 2048K, 15 young (30720K), 2 survivors (4096K)
 Metaspace       used 75179K, committed 75840K, reserved 1179648K
  class space    used 8607K, committed 8896K, reserved 1048576K
}
Event: 41522.384 GC heap after
{Heap after GC invocations=15 (full 0):
 garbage-first heap   total reserved 4175872K, committed 69632K, used 34593K [0x0000000701200000, 0x0000000800000000)
  region size 2048K, 1 young (2048K), 1 survivors (2048K)
 Metaspace       used 75179K, committed 75840K, reserved 1179648K
  class space    used 8607K, committed 8896K, reserved 1048576K
}
Event: 123476.641 GC heap before
{Heap before GC invocations=16 (full 0):
 garbage-first heap   total reserved 4175872K, committed 69632K, used 61217K [0x0000000701200000, 0x0000000800000000)
  region size 2048K, 14 young (28672K), 1 survivors (2048K)
 Metaspace       used 75048K, committed 75840K, reserved 1179648K
  class space    used 8569K, committed 8896K, reserved 1048576K
}

